{"/Users/guyharwood/dev/TypeScript-Node-Starter/src/app.ts": {"path":"/Users/guyharwood/dev/TypeScript-Node-Starter/src/app.ts","statementMap":{"0":{"start":{"line":2,"column":0},"end":{"line":2,"column":62}},"1":{"start":{"line":3,"column":16},"end":{"line":3,"column":34}},"2":{"start":{"line":4,"column":20},"end":{"line":4,"column":42}},"3":{"start":{"line":5,"column":16},"end":{"line":5,"column":42}},"4":{"start":{"line":6,"column":19},"end":{"line":6,"column":41}},"5":{"start":{"line":7,"column":15},"end":{"line":7,"column":32}},"6":{"start":{"line":8,"column":14},"end":{"line":8,"column":30}},"7":{"start":{"line":9,"column":15},"end":{"line":9,"column":32}},"8":{"start":{"line":10,"column":14},"end":{"line":10,"column":38}},"9":{"start":{"line":11,"column":13},"end":{"line":11,"column":28}},"10":{"start":{"line":12,"column":25},"end":{"line":12,"column":53}},"11":{"start":{"line":14,"column":0},"end":{"line":14,"column":40}},"12":{"start":{"line":16,"column":23},"end":{"line":16,"column":52}},"13":{"start":{"line":17,"column":22},"end":{"line":17,"column":50}},"14":{"start":{"line":19,"column":12},"end":{"line":19,"column":21}},"15":{"start":{"line":21,"column":0},"end":{"line":21,"column":42}},"16":{"start":{"line":22,"column":0},"end":{"line":22,"column":51}},"17":{"start":{"line":23,"column":0},"end":{"line":23,"column":30}},"18":{"start":{"line":24,"column":0},"end":{"line":31,"column":4}},"19":{"start":{"line":32,"column":0},"end":{"line":32,"column":23}},"20":{"start":{"line":33,"column":0},"end":{"line":33,"column":23}},"21":{"start":{"line":34,"column":0},"end":{"line":34,"column":27}},"22":{"start":{"line":35,"column":0},"end":{"line":35,"column":51}},"23":{"start":{"line":36,"column":0},"end":{"line":36,"column":28}},"24":{"start":{"line":37,"column":0},"end":{"line":37,"column":17}},"25":{"start":{"line":38,"column":0},"end":{"line":38,"column":36}},"26":{"start":{"line":39,"column":0},"end":{"line":39,"column":35}},"27":{"start":{"line":40,"column":0},"end":{"line":43,"column":3}},"28":{"start":{"line":41,"column":4},"end":{"line":41,"column":31}},"29":{"start":{"line":42,"column":4},"end":{"line":42,"column":11}},"30":{"start":{"line":44,"column":0},"end":{"line":44,"column":81}},"31":{"start":{"line":48,"column":0},"end":{"line":48,"column":35}},"32":{"start":{"line":52,"column":0},"end":{"line":52,"column":38}},"33":{"start":{"line":53,"column":0},"end":{"line":53,"column":21}}},"fnMap":{"0":{"name":"(anonymous_0)","decl":{"start":{"line":40,"column":8},"end":{"line":40,"column":9}},"loc":{"start":{"line":40,"column":28},"end":{"line":43,"column":1}},"line":40}},"branchMap":{"0":{"loc":{"start":{"line":21,"column":16},"end":{"line":21,"column":40}},"type":"binary-expr","locations":[{"start":{"line":21,"column":16},"end":{"line":21,"column":32}},{"start":{"line":21,"column":36},"end":{"line":21,"column":40}}],"line":21}},"s":{"0":3,"1":3,"2":3,"3":3,"4":3,"5":3,"6":3,"7":3,"8":3,"9":3,"10":3,"11":3,"12":3,"13":3,"14":3,"15":3,"16":3,"17":3,"18":3,"19":3,"20":3,"21":3,"22":3,"23":3,"24":3,"25":3,"26":3,"27":3,"28":3,"29":3,"30":3,"31":3,"32":3,"33":3},"f":{"0":3},"b":{"0":[3,3]},"inputSourceMap":{"version":3,"file":"app.js","sourceRoot":"","sources":["app.ts"],"names":[],"mappings":";;AAAA,mCAAmC;AACnC,2CAA2C,CAAE,sBAAsB;AACnE,2CAA2C;AAC3C,0CAA0C;AAC1C,iCAAiC;AACjC,+BAA+B;AAC/B,iCAAiC;AACjC,uCAAuC;AACvC,6BAA6B;AAC7B,sDAAsD;AAGtD,yFAAyF;AACzF,MAAM,CAAC,MAAM,CAAC,EAAE,IAAI,EAAE,cAAc,EAAE,CAAC,CAAC;AAExC,+BAA+B;AAC/B,qDAAqD;AACrD,mDAAmD;AAEnD,wBAAwB;AACxB,MAAM,GAAG,GAAG,OAAO,EAAE,CAAC;AAEtB,wBAAwB;AACxB,GAAG,CAAC,GAAG,CAAC,MAAM,EAAE,OAAO,CAAC,GAAG,CAAC,IAAI,IAAI,IAAI,CAAC,CAAC;AAC1C,GAAG,CAAC,GAAG,CAAC,OAAO,EAAE,IAAI,CAAC,IAAI,CAAC,SAAS,EAAE,UAAU,CAAC,CAAC,CAAC;AACnD,GAAG,CAAC,GAAG,CAAC,aAAa,EAAE,KAAK,CAAC,CAAC;AAC9B,GAAG,CAAC,GAAG,CAAC,OAAO,CAAC;IACd,IAAI,EAAE,aAAa;IACnB,MAAM,EAAE,OAAO,CAAC,GAAG,CAAC,cAAc;IAClC,MAAM,EAAE,KAAK;IACb,OAAO,EAAE,IAAI;IACb,iBAAiB,EAAE,KAAK;IACxB,MAAM,EAAE,EAAE,MAAM,EAAE,OAAO,EAAE,CAAC,qCAAqC;CAClE,CAAC,CAAC,CAAC;AACJ,GAAG,CAAC,GAAG,CAAC,WAAW,EAAE,CAAC,CAAC;AACvB,GAAG,CAAC,GAAG,CAAC,MAAM,CAAC,KAAK,CAAC,CAAC,CAAC;AACvB,GAAG,CAAC,GAAG,CAAC,UAAU,CAAC,IAAI,EAAE,CAAC,CAAC;AAC3B,GAAG,CAAC,GAAG,CAAC,UAAU,CAAC,UAAU,CAAC,EAAE,QAAQ,EAAE,IAAI,EAAE,CAAC,CAAC,CAAC;AACnD,GAAG,CAAC,GAAG,CAAC,gBAAgB,EAAE,CAAC,CAAC;AAC5B,GAAG,CAAC,GAAG,CAAC,KAAK,EAAE,CAAC,CAAC;AACjB,GAAG,CAAC,GAAG,CAAC,KAAK,CAAC,MAAM,CAAC,YAAY,CAAC,CAAC,CAAC;AACpC,GAAG,CAAC,GAAG,CAAC,KAAK,CAAC,aAAa,CAAC,IAAI,CAAC,CAAC,CAAC;AACnC,GAAG,CAAC,GAAG,CAAC,CAAC,GAAG,EAAE,GAAG,EAAE,IAAI,EAAE,EAAE;IACzB,GAAG,CAAC,MAAM,CAAC,IAAI,GAAG,GAAG,CAAC,IAAI,CAAC;IAC3B,IAAI,EAAE,CAAC;AACT,CAAC,CAAC,CAAC;AACH,GAAG,CAAC,GAAG,CAAC,OAAO,CAAC,MAAM,CAAC,IAAI,CAAC,IAAI,CAAC,SAAS,EAAE,QAAQ,CAAC,EAAE,EAAE,MAAM,EAAE,WAAW,EAAE,CAAC,CAAC,CAAC;AAEjF;;GAEG;AACH,GAAG,CAAC,GAAG,CAAC,GAAG,EAAE,cAAc,CAAC,KAAK,CAAC,CAAC;AAEnC;;GAEG;AACH,GAAG,CAAC,GAAG,CAAC,MAAM,EAAE,aAAa,CAAC,MAAM,CAAC,CAAC;AAEtC,MAAM,CAAC,OAAO,GAAG,GAAG,CAAC","sourcesContent":["import * as express from \"express\";\nimport * as compression from \"compression\";  // compresses requests\nimport * as session from \"express-session\";\nimport * as bodyParser from \"body-parser\";\nimport * as logger from \"morgan\";\nimport * as lusca from \"lusca\";\nimport * as dotenv from \"dotenv\";\nimport * as flash from \"express-flash\";\nimport * as path from \"path\";\nimport * as expressValidator from \"express-validator\";\nimport * as bluebird from \"bluebird\";\n\n// Load environment variables from .env file, where API keys and passwords are configured\ndotenv.config({ path: \".env.example\" });\n\n// Controllers (route handlers)\nimport * as homeController from \"./controllers/home\";\nimport * as apiController from \"./controllers/api\";\n\n// Create Express server\nconst app = express();\n\n// Express configuration\napp.set(\"port\", process.env.PORT || 3000);\napp.set(\"views\", path.join(__dirname, \"../views\"));\napp.set(\"view engine\", \"pug\");\napp.use(session({\n  name: \"default.sid\",\n  secret: process.env.SESSION_SECRET,\n  resave: false,\n  rolling: true,\n  saveUninitialized: false,\n  cookie: { maxAge: 1200000 } // Expire after 20 minutes inactivity\n}));\napp.use(compression());\napp.use(logger(\"dev\"));\napp.use(bodyParser.json());\napp.use(bodyParser.urlencoded({ extended: true }));\napp.use(expressValidator());\napp.use(flash());\napp.use(lusca.xframe(\"SAMEORIGIN\"));\napp.use(lusca.xssProtection(true));\napp.use((req, res, next) => {\n  res.locals.user = req.user;\n  next();\n});\napp.use(express.static(path.join(__dirname, \"public\"), { maxAge: 31557600000 }));\n\n/**\n * Primary app routes.\n */\napp.get(\"/\", homeController.index);\n\n/**\n * API examples routes.\n */\napp.get(\"/api\", apiController.getApi);\n\nmodule.exports = app;"]},"_coverageSchema":"332fd63041d2c1bcb487cc26dd0d5f7d97098a6c","hash":"ad2b4384543a9b46baf061580c5be474bd80907c"}
,"/Users/guyharwood/dev/TypeScript-Node-Starter/src/controllers/api.ts": {"path":"/Users/guyharwood/dev/TypeScript-Node-Starter/src/controllers/api.ts","statementMap":{"0":{"start":{"line":2,"column":0},"end":{"line":2,"column":62}},"1":{"start":{"line":7,"column":0},"end":{"line":9,"column":2}},"2":{"start":{"line":8,"column":4},"end":{"line":8,"column":40}}},"fnMap":{"0":{"name":"(anonymous_0)","decl":{"start":{"line":7,"column":17},"end":{"line":7,"column":18}},"loc":{"start":{"line":7,"column":31},"end":{"line":9,"column":1}},"line":7}},"branchMap":{},"s":{"0":3,"1":3,"2":1},"f":{"0":1},"b":{},"inputSourceMap":{"version":3,"file":"api.js","sourceRoot":"","sources":["api.ts"],"names":[],"mappings":"AAAA,YAAY,CAAC;;AAMb;;;GAGG;AACQ,QAAA,MAAM,GAAG,CAAC,GAAY,EAAE,GAAa,EAAE,EAAE;IAClD,GAAG,CAAC,MAAM,CAAC,GAAG,CAAC,CAAC,IAAI,CAAC,aAAa,CAAC,CAAC;AACtC,CAAC,CAAC","sourcesContent":["\"use strict\";\n\nimport * as async from \"async\";\nimport * as request from \"request\";\nimport { Response, Request, NextFunction } from \"express\";\n\n/**\n * GET /api\n * List of API examples.\n */\nexport let getApi = (req: Request, res: Response) => {\n  res.status(200).send(\"Hello World\");\n};\n"]},"_coverageSchema":"332fd63041d2c1bcb487cc26dd0d5f7d97098a6c","hash":"34427c1b29144ac4053898f8a26898fa29dfe41d"}
,"/Users/guyharwood/dev/TypeScript-Node-Starter/src/controllers/home.ts": {"path":"/Users/guyharwood/dev/TypeScript-Node-Starter/src/controllers/home.ts","statementMap":{"0":{"start":{"line":2,"column":0},"end":{"line":2,"column":62}},"1":{"start":{"line":7,"column":0},"end":{"line":11,"column":2}},"2":{"start":{"line":8,"column":4},"end":{"line":10,"column":7}}},"fnMap":{"0":{"name":"(anonymous_0)","decl":{"start":{"line":7,"column":16},"end":{"line":7,"column":17}},"loc":{"start":{"line":7,"column":30},"end":{"line":11,"column":1}},"line":7}},"branchMap":{},"s":{"0":3,"1":3,"2":1},"f":{"0":1},"b":{},"inputSourceMap":{"version":3,"file":"home.js","sourceRoot":"","sources":["home.ts"],"names":[],"mappings":";;AAEA;;;GAGG;AACQ,QAAA,KAAK,GAAG,CAAC,GAAY,EAAE,GAAa,EAAE,EAAE;IACjD,GAAG,CAAC,MAAM,CAAC,MAAM,EAAE;QACjB,KAAK,EAAE,MAAM;KACd,CAAC,CAAC;AACL,CAAC,CAAC","sourcesContent":["import { Request, Response } from \"express\";\n\n/**\n * GET /\n * Home page.\n */\nexport let index = (req: Request, res: Response) => {\n  res.render(\"home\", {\n    title: \"Home\"\n  });\n};\n"]},"_coverageSchema":"332fd63041d2c1bcb487cc26dd0d5f7d97098a6c","hash":"545c4112e41018cb24e0ee3a9129b56461c853b2"}
}
