TN:
SF:/Users/guyharwood/dev/TypeScript-Node-Starter/src/app.ts
FN:40,(anonymous_0)
FNF:1
FNH:1
FNDA:3,(anonymous_0)
DA:2,3
DA:3,3
DA:4,3
DA:5,3
DA:6,3
DA:7,3
DA:8,3
DA:9,3
DA:10,3
DA:11,3
DA:12,3
DA:14,3
DA:16,3
DA:17,3
DA:19,3
DA:21,3
DA:22,3
DA:23,3
DA:24,3
DA:32,3
DA:33,3
DA:34,3
DA:35,3
DA:36,3
DA:37,3
DA:38,3
DA:39,3
DA:40,3
DA:41,3
DA:42,3
DA:44,3
DA:48,3
DA:52,3
DA:53,3
LF:34
LH:34
BRDA:21,0,0,3
BRDA:21,0,1,3
BRF:2
BRH:2
end_of_record
TN:
SF:/Users/guyharwood/dev/TypeScript-Node-Starter/src/controllers/api.ts
FN:7,(anonymous_0)
FNF:1
FNH:1
FNDA:1,(anonymous_0)
DA:2,3
DA:7,3
DA:8,1
LF:3
LH:3
BRF:0
BRH:0
end_of_record
TN:
SF:/Users/guyharwood/dev/TypeScript-Node-Starter/src/controllers/home.ts
FN:7,(anonymous_0)
FNF:1
FNH:1
FNDA:1,(anonymous_0)
DA:2,3
DA:7,3
DA:8,1
LF:3
LH:3
BRF:0
BRH:0
end_of_record
